<?xml version="1.0" encoding="UTF-8"?>
<!-- Generated by org.testng.reporters.JUnitReportReporter -->
<testsuite hostname="DESKTOP-LNHUEEG" failures="0" tests="8" name="MyTestCases" time="2.303" errors="0" timestamp="2023-12-20T11:33:44 EET" skipped="7">
  <testcase classname="MyTestCases" name="CheckTheDateOfTheWebSite" time="2.303"/>
  <system-out/>
  <testcase classname="MyTestCases" name="checktheLanguage">
    <skipped/>
  </testcase> <!-- checktheLanguage -->
  <system-out/>
  <testcase classname="MyTestCases" name="checQitafLogoIsTher">
    <skipped/>
  </testcase> <!-- checQitafLogoIsTher -->
  <system-out/>
  <testcase classname="MyTestCases" name="ContactNumberCheck">
    <skipped/>
  </testcase> <!-- ContactNumberCheck -->
  <system-out/>
  <testcase classname="MyTestCases" name="HotelTabSwitch">
    <skipped/>
  </testcase> <!-- HotelTabSwitch -->
  <system-out/>
  <testcase classname="MyTestCases" name="ChangTheLanguageOfTheWebsiteRandomly">
    <skipped/>
  </testcase> <!-- ChangTheLanguageOfTheWebsiteRandomly -->
  <system-out/>
  <testcase classname="MyTestCases" name="CheckHotelTabIsNotSelectrd">
    <skipped/>
  </testcase> <!-- CheckHotelTabIsNotSelectrd -->
  <system-out/>
  <testcase classname="MyTestCases" name="thisisToTestTheCurrency">
    <skipped/>
  </testcase> <!-- thisisToTestTheCurrency -->
  <system-out/>
</testsuite> <!-- MyTestCases -->
