<?xml version="1.0" encoding="UTF-8"?>
<!-- Generated by org.testng.reporters.JUnitReportReporter -->
<testsuite hostname="DESKTOP-LNHUEEG" failures="0" tests="15" name="MyTestCases" time="19.215" errors="0" timestamp="2023-12-07T10:44:34 EET" skipped="5">
  <testcase classname="MyTestCases" name="ChangTheLanguageOfTheWebsiteRandomly" time="1.736"/>
  <system-out/>
  <testcase classname="MyTestCases" name="ChangTheLanguageOfTheWebsiteRandomly" time="1.536"/>
  <system-out/>
  <testcase classname="MyTestCases" name="ChangTheLanguageOfTheWebsiteRandomly" time="2.090"/>
  <system-out/>
  <testcase classname="MyTestCases" name="ChangTheLanguageOfTheWebsiteRandomly" time="2.465"/>
  <system-out/>
  <testcase classname="MyTestCases" name="ChangTheLanguageOfTheWebsiteRandomly" time="1.961"/>
  <system-out/>
  <testcase classname="MyTestCases" name="ChangTheLanguageOfTheWebsiteRandomly" time="1.593"/>
  <system-out/>
  <testcase classname="MyTestCases" name="ChangTheLanguageOfTheWebsiteRandomly" time="2.285"/>
  <system-out/>
  <testcase classname="MyTestCases" name="ChangTheLanguageOfTheWebsiteRandomly" time="2.186"/>
  <system-out/>
  <testcase classname="MyTestCases" name="ChangTheLanguageOfTheWebsiteRandomly" time="1.734"/>
  <system-out/>
  <testcase classname="MyTestCases" name="ChangTheLanguageOfTheWebsiteRandomly" time="1.629"/>
  <system-out/>
  <testcase classname="MyTestCases" name="checktheLanguage">
    <skipped/>
  </testcase> <!-- checktheLanguage -->
  <system-out/>
  <testcase classname="MyTestCases" name="checQitafLogoIsTher">
    <skipped/>
  </testcase> <!-- checQitafLogoIsTher -->
  <system-out/>
  <testcase classname="MyTestCases" name="ContactNumberCheck">
    <skipped/>
  </testcase> <!-- ContactNumberCheck -->
  <system-out/>
  <testcase classname="MyTestCases" name="CheckHotelTabIsNotSelectrd">
    <skipped/>
  </testcase> <!-- CheckHotelTabIsNotSelectrd -->
  <system-out/>
  <testcase classname="MyTestCases" name="thisisToTestTheCurrency">
    <skipped/>
  </testcase> <!-- thisisToTestTheCurrency -->
  <system-out/>
</testsuite> <!-- MyTestCases -->
