<?xml version="1.0" encoding="UTF-8"?>
<!-- Generated by org.testng.reporters.JUnitReportReporter -->
<testsuite hostname="DESKTOP-LNHUEEG" failures="0" tests="8" name="MyTestCases" time="22.660" errors="0" timestamp="2023-12-19T12:35:05 EET" skipped="7">
  <testcase classname="MyTestCases" name="HotelTabSwitch" time="22.660"/>
  <system-out/>
  <testcase classname="MyTestCases" name="checktheLanguage">
    <skipped/>
  </testcase> <!-- checktheLanguage -->
  <system-out/>
  <testcase classname="MyTestCases" name="checQitafLogoIsTher">
    <skipped/>
  </testcase> <!-- checQitafLogoIsTher -->
  <system-out/>
  <testcase classname="MyTestCases" name="ContactNumberCheck">
    <skipped/>
  </testcase> <!-- ContactNumberCheck -->
  <system-out/>
  <testcase classname="MyTestCases" name="CheckTheDateOfTheWebSite">
    <skipped/>
  </testcase> <!-- CheckTheDateOfTheWebSite -->
  <system-out/>
  <testcase classname="MyTestCases" name="ChangTheLanguageOfTheWebsiteRandomly">
    <skipped/>
  </testcase> <!-- ChangTheLanguageOfTheWebsiteRandomly -->
  <system-out/>
  <testcase classname="MyTestCases" name="CheckHotelTabIsNotSelectrd">
    <skipped/>
  </testcase> <!-- CheckHotelTabIsNotSelectrd -->
  <system-out/>
  <testcase classname="MyTestCases" name="thisisToTestTheCurrency">
    <skipped/>
  </testcase> <!-- thisisToTestTheCurrency -->
  <system-out/>
</testsuite> <!-- MyTestCases -->
