<?xml version="1.0" encoding="UTF-8"?>
<!-- Generated by org.testng.reporters.JUnitReportReporter -->
<testsuite hostname="DESKTOP-LNHUEEG" failures="0" tests="2" name="MyTestCases" time="1.399" errors="0" timestamp="2023-12-04T11:37:51 EET" skipped="0">
  <testcase classname="MyTestCases" name="thisisToTestTheCurrency" time="0.109"/>
  <system-out/>
  <testcase classname="MyTestCases" name="checktheLanguage" time="1.290"/>
  <system-out/>
</testsuite> <!-- MyTestCases -->
